[INFO ] 2023-02-28 17:23:52.983 [main] Myhms - URL OPENED
[INFO ] 2023-02-28 17:23:53.608 [main] Myhms - Clicked on HMS
[INFO ] 2023-02-28 17:23:54.545 [main] Myhms - USER NAME ENTERED
[INFO ] 2023-02-28 17:23:54.602 [main] Myhms - PASSWORD ENTERED
[INFO ] 2023-02-28 17:23:55.456 [main] Myhms - CLICKED ON LOGIN
[INFO ] 2023-02-28 17:23:55.919 [main] Myhms - CLICKED ON REGISTRATION
[INFO ] 2023-02-28 18:14:49.842 [main] Myhms - URL OPENED
[INFO ] 2023-02-28 18:14:50.433 [main] Myhms - Clicked on HMS
[INFO ] 2023-02-28 18:14:51.727 [main] Myhms - USER NAME ENTERED
[INFO ] 2023-02-28 18:14:51.816 [main] Myhms - PASSWORD ENTERED
[INFO ] 2023-02-28 18:14:53.453 [main] Myhms - CLICKED ON LOGIN
[INFO ] 2023-02-28 18:14:53.969 [main] Myhms - CLICKED ON REGISTRATION
[INFO ] 2023-02-28 18:16:13.286 [main] Myhms - URL OPENED
[INFO ] 2023-02-28 18:16:13.862 [main] Myhms - Clicked on HMS
[INFO ] 2023-02-28 18:16:15.405 [main] Myhms - USER NAME ENTERED
[INFO ] 2023-02-28 18:16:15.467 [main] Myhms - PASSWORD ENTERED
[INFO ] 2023-02-28 18:16:17.964 [main] Myhms - CLICKED ON LOGIN
[INFO ] 2023-02-28 18:16:18.302 [main] Myhms - CLICKED ON REGISTRATION
[INFO ] 2023-02-28 18:16:18.315 [main] Myhms - VERIFY registration PAGE TITLE
[INFO ] 2023-02-28 18:16:18.626 [main] Myhms - CLICKED ON logout
[INFO ] 2023-02-28 18:16:18.713 [main] Myhms - USER NAME ENTERED
[INFO ] 2023-02-28 18:16:18.809 [main] Myhms - PASSWORD ENTERED
[INFO ] 2023-02-28 18:16:19.273 [main] Myhms - CLICKED ON LOGIN
[INFO ] 2023-02-28 18:16:19.560 [main] Myhms - CLICKED ON REGISTRATION
[INFO ] 2023-02-28 18:16:19.572 [main] Myhms - VERIFY registration PAGE TITLE
[INFO ] 2023-02-28 18:16:19.862 [main] Myhms - CLICKED ON logout
